[0.880s] Invoking command in '/home/hao/Desktop/4231SuppliedCode/detect_leaf_v1/src/detect_leaf_pkg': CONDA_PROMPT_MODIFIER=(base) PYTHONPATH=/home/hao/Desktop/4231SuppliedCode/detect_leaf_v1/build/detect_leaf_pkg/prefix_override:/usr/lib/python3/dist-packages/colcon_core/task/python/colcon_distutils_commands:/home/hao/Desktop/4231SuppliedCode/detect_leaf_v1/install/detect_leaf_pkg/lib/python3.10/site-packages:${PYTHONPATH} /usr/bin/python3 -W ignore:setup.py install is deprecated -W ignore:easy_install command is deprecated setup.py egg_info --egg-base ../../build/detect_leaf_pkg build --build-base /home/hao/Desktop/4231SuppliedCode/detect_leaf_v1/build/detect_leaf_pkg/build install --record /home/hao/Desktop/4231SuppliedCode/detect_leaf_v1/build/detect_leaf_pkg/install.log --single-version-externally-managed install_data
[1.175s] running egg_info
[1.176s] creating ../../build/detect_leaf_pkg/detect_leaf_pkg.egg-info
[1.176s] writing ../../build/detect_leaf_pkg/detect_leaf_pkg.egg-info/PKG-INFO
[1.177s] writing dependency_links to ../../build/detect_leaf_pkg/detect_leaf_pkg.egg-info/dependency_links.txt
[1.177s] writing entry points to ../../build/detect_leaf_pkg/detect_leaf_pkg.egg-info/entry_points.txt
[1.177s] writing requirements to ../../build/detect_leaf_pkg/detect_leaf_pkg.egg-info/requires.txt
[1.178s] writing top-level names to ../../build/detect_leaf_pkg/detect_leaf_pkg.egg-info/top_level.txt
[1.178s] writing manifest file '../../build/detect_leaf_pkg/detect_leaf_pkg.egg-info/SOURCES.txt'
[1.179s] reading manifest file '../../build/detect_leaf_pkg/detect_leaf_pkg.egg-info/SOURCES.txt'
[1.180s] writing manifest file '../../build/detect_leaf_pkg/detect_leaf_pkg.egg-info/SOURCES.txt'
[1.181s] running build
[1.182s] running build_py
[1.182s] creating /home/hao/Desktop/4231SuppliedCode/detect_leaf_v1/build/detect_leaf_pkg/build
[1.182s] creating /home/hao/Desktop/4231SuppliedCode/detect_leaf_v1/build/detect_leaf_pkg/build/lib
[1.182s] creating /home/hao/Desktop/4231SuppliedCode/detect_leaf_v1/build/detect_leaf_pkg/build/lib/detect_leaf_pkg
[1.182s] copying detect_leaf_pkg/coordinate_transformer.py -> /home/hao/Desktop/4231SuppliedCode/detect_leaf_v1/build/detect_leaf_pkg/build/lib/detect_leaf_pkg
[1.183s] copying detect_leaf_pkg/coordinates_display.py -> /home/hao/Desktop/4231SuppliedCode/detect_leaf_v1/build/detect_leaf_pkg/build/lib/detect_leaf_pkg
[1.183s] copying detect_leaf_pkg/__init__.py -> /home/hao/Desktop/4231SuppliedCode/detect_leaf_v1/build/detect_leaf_pkg/build/lib/detect_leaf_pkg
[1.183s] copying detect_leaf_pkg/leaf_detector.py -> /home/hao/Desktop/4231SuppliedCode/detect_leaf_v1/build/detect_leaf_pkg/build/lib/detect_leaf_pkg
[1.183s] running install
[1.183s] running install_lib
[1.184s] creating /home/hao/Desktop/4231SuppliedCode/detect_leaf_v1/install/detect_leaf_pkg/lib/python3.10/site-packages/detect_leaf_pkg
[1.184s] copying /home/hao/Desktop/4231SuppliedCode/detect_leaf_v1/build/detect_leaf_pkg/build/lib/detect_leaf_pkg/coordinate_transformer.py -> /home/hao/Desktop/4231SuppliedCode/detect_leaf_v1/install/detect_leaf_pkg/lib/python3.10/site-packages/detect_leaf_pkg
[1.184s] copying /home/hao/Desktop/4231SuppliedCode/detect_leaf_v1/build/detect_leaf_pkg/build/lib/detect_leaf_pkg/coordinates_display.py -> /home/hao/Desktop/4231SuppliedCode/detect_leaf_v1/install/detect_leaf_pkg/lib/python3.10/site-packages/detect_leaf_pkg
[1.184s] copying /home/hao/Desktop/4231SuppliedCode/detect_leaf_v1/build/detect_leaf_pkg/build/lib/detect_leaf_pkg/__init__.py -> /home/hao/Desktop/4231SuppliedCode/detect_leaf_v1/install/detect_leaf_pkg/lib/python3.10/site-packages/detect_leaf_pkg
[1.185s] copying /home/hao/Desktop/4231SuppliedCode/detect_leaf_v1/build/detect_leaf_pkg/build/lib/detect_leaf_pkg/leaf_detector.py -> /home/hao/Desktop/4231SuppliedCode/detect_leaf_v1/install/detect_leaf_pkg/lib/python3.10/site-packages/detect_leaf_pkg
[1.185s] byte-compiling /home/hao/Desktop/4231SuppliedCode/detect_leaf_v1/install/detect_leaf_pkg/lib/python3.10/site-packages/detect_leaf_pkg/coordinate_transformer.py to coordinate_transformer.cpython-310.pyc
[1.187s] byte-compiling /home/hao/Desktop/4231SuppliedCode/detect_leaf_v1/install/detect_leaf_pkg/lib/python3.10/site-packages/detect_leaf_pkg/coordinates_display.py to coordinates_display.cpython-310.pyc
[1.188s] byte-compiling /home/hao/Desktop/4231SuppliedCode/detect_leaf_v1/install/detect_leaf_pkg/lib/python3.10/site-packages/detect_leaf_pkg/__init__.py to __init__.cpython-310.pyc
[1.189s] byte-compiling /home/hao/Desktop/4231SuppliedCode/detect_leaf_v1/install/detect_leaf_pkg/lib/python3.10/site-packages/detect_leaf_pkg/leaf_detector.py to leaf_detector.cpython-310.pyc
[1.192s] running install_data
[1.192s] creating /home/hao/Desktop/4231SuppliedCode/detect_leaf_v1/install/detect_leaf_pkg/share/ament_index
[1.192s] creating /home/hao/Desktop/4231SuppliedCode/detect_leaf_v1/install/detect_leaf_pkg/share/ament_index/resource_index
[1.192s] creating /home/hao/Desktop/4231SuppliedCode/detect_leaf_v1/install/detect_leaf_pkg/share/ament_index/resource_index/packages
[1.193s] copying resource/detect_leaf_pkg -> /home/hao/Desktop/4231SuppliedCode/detect_leaf_v1/install/detect_leaf_pkg/share/ament_index/resource_index/packages
[1.193s] copying package.xml -> /home/hao/Desktop/4231SuppliedCode/detect_leaf_v1/install/detect_leaf_pkg/share/detect_leaf_pkg
[1.193s] creating /home/hao/Desktop/4231SuppliedCode/detect_leaf_v1/install/detect_leaf_pkg/share/detect_leaf_pkg/launch
[1.193s] copying launch/leaf_detector.launch.py -> /home/hao/Desktop/4231SuppliedCode/detect_leaf_v1/install/detect_leaf_pkg/share/detect_leaf_pkg/launch
[1.193s] running install_egg_info
[1.195s] Copying ../../build/detect_leaf_pkg/detect_leaf_pkg.egg-info to /home/hao/Desktop/4231SuppliedCode/detect_leaf_v1/install/detect_leaf_pkg/lib/python3.10/site-packages/detect_leaf_pkg-0.0.0-py3.10.egg-info
[1.196s] running install_scripts
[1.221s] Installing coordinate_transformer script to /home/hao/Desktop/4231SuppliedCode/detect_leaf_v1/install/detect_leaf_pkg/lib/detect_leaf_pkg
[1.221s] Installing coordinates_display script to /home/hao/Desktop/4231SuppliedCode/detect_leaf_v1/install/detect_leaf_pkg/lib/detect_leaf_pkg
[1.221s] Installing leaf_detector script to /home/hao/Desktop/4231SuppliedCode/detect_leaf_v1/install/detect_leaf_pkg/lib/detect_leaf_pkg
[1.222s] writing list of installed files to '/home/hao/Desktop/4231SuppliedCode/detect_leaf_v1/build/detect_leaf_pkg/install.log'
[1.261s] Invoked command in '/home/hao/Desktop/4231SuppliedCode/detect_leaf_v1/src/detect_leaf_pkg' returned '0': CONDA_PROMPT_MODIFIER=(base) PYTHONPATH=/home/hao/Desktop/4231SuppliedCode/detect_leaf_v1/build/detect_leaf_pkg/prefix_override:/usr/lib/python3/dist-packages/colcon_core/task/python/colcon_distutils_commands:/home/hao/Desktop/4231SuppliedCode/detect_leaf_v1/install/detect_leaf_pkg/lib/python3.10/site-packages:${PYTHONPATH} /usr/bin/python3 -W ignore:setup.py install is deprecated -W ignore:easy_install command is deprecated setup.py egg_info --egg-base ../../build/detect_leaf_pkg build --build-base /home/hao/Desktop/4231SuppliedCode/detect_leaf_v1/build/detect_leaf_pkg/build install --record /home/hao/Desktop/4231SuppliedCode/detect_leaf_v1/build/detect_leaf_pkg/install.log --single-version-externally-managed install_data
