[0.000000] (-) TimerEvent: {}
[0.000144] (detect_leaf_pkg) JobQueued: {'identifier': 'detect_leaf_pkg', 'dependencies': OrderedDict()}
[0.000216] (detect_leaf_pkg) JobStarted: {'identifier': 'detect_leaf_pkg'}
[0.098473] (-) TimerEvent: {}
[0.198747] (-) TimerEvent: {}
[0.299021] (-) TimerEvent: {}
[0.399326] (-) TimerEvent: {}
[0.499636] (-) TimerEvent: {}
[0.599894] (-) TimerEvent: {}
[0.700144] (-) TimerEvent: {}
[0.767753] (detect_leaf_pkg) Command: {'cmd': ['/usr/bin/python3', '-W', 'ignore:setup.py install is deprecated', '-W', 'ignore:easy_install command is deprecated', 'setup.py', 'egg_info', '--egg-base', '../../build/detect_leaf_pkg', 'build', '--build-base', '/home/hao/Desktop/4231SuppliedCode/detect_leaf/build/detect_leaf_pkg/build', 'install', '--record', '/home/hao/Desktop/4231SuppliedCode/detect_leaf/build/detect_leaf_pkg/install.log', '--single-version-externally-managed', 'install_data'], 'cwd': '/home/hao/Desktop/4231SuppliedCode/detect_leaf/src/detect_leaf_pkg', 'env': {'GJS_DEBUG_TOPICS': 'JS ERROR;JS LOG', 'LESSOPEN': '| /usr/bin/lesspipe %s', 'VSCODE_CWD': '/home/hao', 'VSCODE_ESM_ENTRYPOINT': 'vs/workbench/api/node/extensionHostProcess', 'CONDA_PROMPT_MODIFIER': '(base)', 'LANGUAGE': 'en_AU:en_GB:en', 'USER': 'hao', 'LC_TIME': 'en_US.UTF-8', 'VSCODE_NLS_CONFIG': '{"userLocale":"en-gb","osLocale":"en-au","resolvedLanguage":"en","defaultMessagesFile":"/usr/share/cursor/resources/app/out/nls.messages.json","locale":"en-gb","availableLanguages":{}}', 'VSCODE_HANDLES_UNCAUGHT_ERRORS': 'true', 'XDG_SESSION_TYPE': 'wayland', 'SHLVL': '0', 'LD_LIBRARY_PATH': '/opt/ros/humble/opt/rviz_ogre_vendor/lib:/opt/ros/humble/lib/x86_64-linux-gnu:/opt/ros/humble/lib', 'HOME': '/home/hao', 'CHROME_DESKTOP': 'cursor.desktop', 'CONDA_SHLVL': '1', 'OLDPWD': '/home/hao/Desktop/4231SuppliedCode', 'DESKTOP_SESSION': 'ubuntu', 'VSCODE_IPC_HOOK': '/run/user/1000/vscode-ae7b49ab-1.7.-main.sock', 'GIO_LAUNCHED_DESKTOP_FILE': '/usr/share/applications/cursor.desktop', 'ROS_PYTHON_VERSION': '3', 'GNOME_SHELL_SESSION_MODE': 'ubuntu', 'GTK_MODULES': 'gail:atk-bridge', 'LC_MONETARY': 'en_US.UTF-8', 'MANAGERPID': '1486', 'SYSTEMD_EXEC_PID': '1660', 'IM_CONFIG_CHECK_ENV': '1', 'NO_COLOR': '1', 'DBUS_SESSION_BUS_ADDRESS': 'unix:path=/run/user/1000/bus', '_CE_M': '', '_CONDA_ROOT': '/home/hao/miniconda3', 'GIO_LAUNCHED_DESKTOP_FILE_PID': '4128', 'VSCODE_CRASH_REPORTER_PROCESS_TYPE': 'extensionHost', 'IM_CONFIG_PHASE': '1', 'WAYLAND_DISPLAY': 'wayland-0', 'VSCODE_L10N_BUNDLE_LOCATION': '', 'ROS_DISTRO': 'humble', 'LOGNAME': 'hao', 'FORCE_COLOR': '0', 'JOURNAL_STREAM': '8:17490', '_': '/usr/bin/colcon', 'ROS_VERSION': '2', 'XDG_SESSION_CLASS': 'user', 'USERNAME': 'hao', 'TERM': 'dumb', 'GNOME_DESKTOP_SESSION_ID': 'this-is-deprecated', '_CE_CONDA': '', 'ROS_LOCALHOST_ONLY': '0', 'COMPOSER_NO_INTERACTION': '1', 'PATH': '/opt/ros/humble/bin:/home/hao/miniconda3/bin:/home/hao/miniconda3/condabin:/opt/ros/humble/bin:/opt/ros/humble/bin:/usr/local/sbin:/usr/local/bin:/usr/sbin:/usr/bin:/sbin:/bin:/usr/games:/usr/local/games:/snap/bin:/snap/bin', 'SESSION_MANAGER': 'local/hao-Ecolite-Series:@/tmp/.ICE-unix/1623,unix/hao-Ecolite-Series:/tmp/.ICE-unix/1623', 'INVOCATION_ID': 'a9024f30a5474209a0f49cdbc23fa713', 'XDG_MENU_PREFIX': 'gnome-', 'LC_ADDRESS': 'en_US.UTF-8', 'VSCODE_PROCESS_TITLE': 'extension-host  [1-1]', 'GNOME_SETUP_DISPLAY': ':1', 'XDG_RUNTIME_DIR': '/run/user/1000', 'GDK_BACKEND': 'x11', 'CURSOR_AGENT': '1', 'DISPLAY': ':0', 'LANG': 'en_AU.UTF-8', 'XDG_CURRENT_DESKTOP': 'Unity', 'LC_TELEPHONE': 'en_US.UTF-8', 'XMODIFIERS': '@im=ibus', 'XDG_SESSION_DESKTOP': 'ubuntu', 'XAUTHORITY': '/run/user/1000/.mutter-Xwaylandauth.Z7CJE3', 'LS_COLORS': '', 'CURSOR_TRACE_ID': '4e5cdfba037d40ceb2347b1b603c6812', 'SSH_AGENT_LAUNCHER': 'gnome-keyring', 'SSH_AUTH_SOCK': '/run/user/1000/keyring/ssh', 'AMENT_PREFIX_PATH': '/opt/ros/humble', 'CONDA_PYTHON_EXE': '/home/hao/miniconda3/bin/python', 'ORIGINAL_XDG_CURRENT_DESKTOP': 'ubuntu:GNOME', 'SHELL': '/bin/bash', 'LC_NAME': 'en_US.UTF-8', 'QT_ACCESSIBILITY': '1', 'GDMSESSION': 'ubuntu', 'LESSCLOSE': '/usr/bin/lesspipe %s %s', 'CONDA_DEFAULT_ENV': 'base', 'LC_MEASUREMENT': 'en_US.UTF-8', 'GJS_DEBUG_OUTPUT': 'stderr', '_CONDA_EXE': '/home/hao/miniconda3/bin/conda', 'LC_IDENTIFICATION': 'en_US.UTF-8', 'QT_IM_MODULE': 'ibus', 'PWD': '/home/hao/Desktop/4231SuppliedCode/detect_leaf/build/detect_leaf_pkg', 'LC_ALL': 'en_US.UTF-8', 'XDG_CONFIG_DIRS': '/etc/xdg/xdg-ubuntu:/etc/xdg', 'CONDA_EXE': '/home/hao/miniconda3/bin/conda', 'VSCODE_CODE_CACHE_PATH': '/home/hao/.config/Cursor/CachedData/fe5d1728063e86edeeda5bebd2c8e14bf4d0f960', 'XDG_DATA_DIRS': '/usr/share/ubuntu:/usr/local/share/:/usr/share/:/var/lib/snapd/desktop', 'PYTHONPATH': '/home/hao/Desktop/4231SuppliedCode/detect_leaf/build/detect_leaf_pkg/prefix_override:/usr/lib/python3/dist-packages/colcon_core/task/python/colcon_distutils_commands:/home/hao/Desktop/4231SuppliedCode/detect_leaf/install/detect_leaf_pkg/lib/python3.10/site-packages:/opt/ros/humble/lib/python3.10/site-packages:/opt/ros/humble/lib/python3.10/site-packages:/opt/ros/humble/lib/python3.10/site-packages:/opt/ros/humble/local/lib/python3.10/dist-packages', 'LC_NUMERIC': 'en_US.UTF-8', 'CONDA_PREFIX': '/home/hao/miniconda3', 'LC_PAPER': 'en_US.UTF-8', 'COLCON': '1', 'VSCODE_PID': '4128'}, 'shell': False}
[0.800282] (-) TimerEvent: {}
[0.900538] (-) TimerEvent: {}
[1.000796] (-) TimerEvent: {}
[1.084830] (detect_leaf_pkg) StdoutLine: {'line': b'running egg_info\n'}
[1.085645] (detect_leaf_pkg) StdoutLine: {'line': b'creating ../../build/detect_leaf_pkg/detect_leaf_pkg.egg-info\n'}
[1.085991] (detect_leaf_pkg) StdoutLine: {'line': b'writing ../../build/detect_leaf_pkg/detect_leaf_pkg.egg-info/PKG-INFO\n'}
[1.086336] (detect_leaf_pkg) StdoutLine: {'line': b'writing dependency_links to ../../build/detect_leaf_pkg/detect_leaf_pkg.egg-info/dependency_links.txt\n'}
[1.086811] (detect_leaf_pkg) StdoutLine: {'line': b'writing entry points to ../../build/detect_leaf_pkg/detect_leaf_pkg.egg-info/entry_points.txt\n'}
[1.086929] (detect_leaf_pkg) StdoutLine: {'line': b'writing requirements to ../../build/detect_leaf_pkg/detect_leaf_pkg.egg-info/requires.txt\n'}
[1.087050] (detect_leaf_pkg) StdoutLine: {'line': b'writing top-level names to ../../build/detect_leaf_pkg/detect_leaf_pkg.egg-info/top_level.txt\n'}
[1.087317] (detect_leaf_pkg) StdoutLine: {'line': b"writing manifest file '../../build/detect_leaf_pkg/detect_leaf_pkg.egg-info/SOURCES.txt'\n"}
[1.089697] (detect_leaf_pkg) StdoutLine: {'line': b"reading manifest file '../../build/detect_leaf_pkg/detect_leaf_pkg.egg-info/SOURCES.txt'\n"}
[1.090529] (detect_leaf_pkg) StdoutLine: {'line': b"writing manifest file '../../build/detect_leaf_pkg/detect_leaf_pkg.egg-info/SOURCES.txt'\n"}
[1.090786] (detect_leaf_pkg) StdoutLine: {'line': b'running build\n'}
[1.090919] (detect_leaf_pkg) StdoutLine: {'line': b'running build_py\n'}
[1.091214] (detect_leaf_pkg) StdoutLine: {'line': b'creating /home/hao/Desktop/4231SuppliedCode/detect_leaf/build/detect_leaf_pkg/build\n'}
[1.091349] (detect_leaf_pkg) StdoutLine: {'line': b'creating /home/hao/Desktop/4231SuppliedCode/detect_leaf/build/detect_leaf_pkg/build/lib\n'}
[1.091527] (detect_leaf_pkg) StdoutLine: {'line': b'creating /home/hao/Desktop/4231SuppliedCode/detect_leaf/build/detect_leaf_pkg/build/lib/detect_leaf_pkg\n'}
[1.091664] (detect_leaf_pkg) StdoutLine: {'line': b'copying detect_leaf_pkg/coordinates_display.py -> /home/hao/Desktop/4231SuppliedCode/detect_leaf/build/detect_leaf_pkg/build/lib/detect_leaf_pkg\n'}
[1.091952] (detect_leaf_pkg) StdoutLine: {'line': b'copying detect_leaf_pkg/__init__.py -> /home/hao/Desktop/4231SuppliedCode/detect_leaf/build/detect_leaf_pkg/build/lib/detect_leaf_pkg\n'}
[1.092094] (detect_leaf_pkg) StdoutLine: {'line': b'copying detect_leaf_pkg/leaf_detector.py -> /home/hao/Desktop/4231SuppliedCode/detect_leaf/build/detect_leaf_pkg/build/lib/detect_leaf_pkg\n'}
[1.092221] (detect_leaf_pkg) StdoutLine: {'line': b'running install\n'}
[1.092499] (detect_leaf_pkg) StdoutLine: {'line': b'running install_lib\n'}
[1.093981] (detect_leaf_pkg) StdoutLine: {'line': b'creating /home/hao/Desktop/4231SuppliedCode/detect_leaf/install/detect_leaf_pkg/lib/python3.10/site-packages/detect_leaf_pkg\n'}
[1.094337] (detect_leaf_pkg) StdoutLine: {'line': b'copying /home/hao/Desktop/4231SuppliedCode/detect_leaf/build/detect_leaf_pkg/build/lib/detect_leaf_pkg/coordinates_display.py -> /home/hao/Desktop/4231SuppliedCode/detect_leaf/install/detect_leaf_pkg/lib/python3.10/site-packages/detect_leaf_pkg\n'}
[1.094434] (detect_leaf_pkg) StdoutLine: {'line': b'copying /home/hao/Desktop/4231SuppliedCode/detect_leaf/build/detect_leaf_pkg/build/lib/detect_leaf_pkg/__init__.py -> /home/hao/Desktop/4231SuppliedCode/detect_leaf/install/detect_leaf_pkg/lib/python3.10/site-packages/detect_leaf_pkg\n'}
[1.094543] (detect_leaf_pkg) StdoutLine: {'line': b'copying /home/hao/Desktop/4231SuppliedCode/detect_leaf/build/detect_leaf_pkg/build/lib/detect_leaf_pkg/leaf_detector.py -> /home/hao/Desktop/4231SuppliedCode/detect_leaf/install/detect_leaf_pkg/lib/python3.10/site-packages/detect_leaf_pkg\n'}
[1.094882] (detect_leaf_pkg) StdoutLine: {'line': b'byte-compiling /home/hao/Desktop/4231SuppliedCode/detect_leaf/install/detect_leaf_pkg/lib/python3.10/site-packages/detect_leaf_pkg/coordinates_display.py to coordinates_display.cpython-310.pyc\n'}
[1.095831] (detect_leaf_pkg) StdoutLine: {'line': b'byte-compiling /home/hao/Desktop/4231SuppliedCode/detect_leaf/install/detect_leaf_pkg/lib/python3.10/site-packages/detect_leaf_pkg/__init__.py to __init__.cpython-310.pyc\n'}
[1.096140] (detect_leaf_pkg) StdoutLine: {'line': b'byte-compiling /home/hao/Desktop/4231SuppliedCode/detect_leaf/install/detect_leaf_pkg/lib/python3.10/site-packages/detect_leaf_pkg/leaf_detector.py to leaf_detector.cpython-310.pyc\n'}
[1.099217] (detect_leaf_pkg) StdoutLine: {'line': b'running install_data\n'}
[1.099746] (detect_leaf_pkg) StdoutLine: {'line': b'creating /home/hao/Desktop/4231SuppliedCode/detect_leaf/install/detect_leaf_pkg/share/ament_index\n'}
[1.099998] (detect_leaf_pkg) StdoutLine: {'line': b'creating /home/hao/Desktop/4231SuppliedCode/detect_leaf/install/detect_leaf_pkg/share/ament_index/resource_index\n'}
[1.100167] (detect_leaf_pkg) StdoutLine: {'line': b'creating /home/hao/Desktop/4231SuppliedCode/detect_leaf/install/detect_leaf_pkg/share/ament_index/resource_index/packages\n'}
[1.100323] (detect_leaf_pkg) StdoutLine: {'line': b'copying resource/detect_leaf_pkg -> /home/hao/Desktop/4231SuppliedCode/detect_leaf/install/detect_leaf_pkg/share/ament_index/resource_index/packages\n'}
[1.100576] (detect_leaf_pkg) StdoutLine: {'line': b'copying package.xml -> /home/hao/Desktop/4231SuppliedCode/detect_leaf/install/detect_leaf_pkg/share/detect_leaf_pkg\n'}
[1.100760] (detect_leaf_pkg) StdoutLine: {'line': b'creating /home/hao/Desktop/4231SuppliedCode/detect_leaf/install/detect_leaf_pkg/share/detect_leaf_pkg/launch\n'}
[1.100899] (-) TimerEvent: {}
[1.100948] (detect_leaf_pkg) StdoutLine: {'line': b'copying launch/leaf_detector.launch.py -> /home/hao/Desktop/4231SuppliedCode/detect_leaf/install/detect_leaf_pkg/share/detect_leaf_pkg/launch\n'}
[1.101092] (detect_leaf_pkg) StdoutLine: {'line': b'running install_egg_info\n'}
[1.101730] (detect_leaf_pkg) StdoutLine: {'line': b'Copying ../../build/detect_leaf_pkg/detect_leaf_pkg.egg-info to /home/hao/Desktop/4231SuppliedCode/detect_leaf/install/detect_leaf_pkg/lib/python3.10/site-packages/detect_leaf_pkg-0.0.0-py3.10.egg-info\n'}
[1.102868] (detect_leaf_pkg) StdoutLine: {'line': b'running install_scripts\n'}
[1.129494] (detect_leaf_pkg) StdoutLine: {'line': b'Installing coordinates_display script to /home/hao/Desktop/4231SuppliedCode/detect_leaf/install/detect_leaf_pkg/lib/detect_leaf_pkg\n'}
[1.130109] (detect_leaf_pkg) StdoutLine: {'line': b'Installing leaf_detector script to /home/hao/Desktop/4231SuppliedCode/detect_leaf/install/detect_leaf_pkg/lib/detect_leaf_pkg\n'}
[1.130320] (detect_leaf_pkg) StdoutLine: {'line': b"writing list of installed files to '/home/hao/Desktop/4231SuppliedCode/detect_leaf/build/detect_leaf_pkg/install.log'\n"}
[1.169474] (detect_leaf_pkg) CommandEnded: {'returncode': 0}
[1.194430] (detect_leaf_pkg) JobEnded: {'identifier': 'detect_leaf_pkg', 'rc': 0}
[1.195189] (-) EventReactorShutdown: {}
