[1.044s] Invoking command in '/home/hao/Desktop/4231SuppliedCode/detect_leaf_v1/src/detect_leaf_pkg': CONDA_PROMPT_MODIFIER=(base) PYTHONPATH=/home/hao/Desktop/4231SuppliedCode/detect_leaf_v1/build/detect_leaf_pkg/prefix_override:/usr/lib/python3/dist-packages/colcon_core/task/python/colcon_distutils_commands:/home/hao/Desktop/4231SuppliedCode/detect_leaf_v1/install/detect_leaf_pkg/lib/python3.10/site-packages:${PYTHONPATH} /usr/bin/python3 -W ignore:setup.py install is deprecated -W ignore:easy_install command is deprecated setup.py egg_info --egg-base ../../build/detect_leaf_pkg build --build-base /home/hao/Desktop/4231SuppliedCode/detect_leaf_v1/build/detect_leaf_pkg/build install --record /home/hao/Desktop/4231SuppliedCode/detect_leaf_v1/build/detect_leaf_pkg/install.log --single-version-externally-managed install_data
[1.349s] running egg_info
[1.350s] writing ../../build/detect_leaf_pkg/detect_leaf_pkg.egg-info/PKG-INFO
[1.350s] writing dependency_links to ../../build/detect_leaf_pkg/detect_leaf_pkg.egg-info/dependency_links.txt
[1.351s] writing entry points to ../../build/detect_leaf_pkg/detect_leaf_pkg.egg-info/entry_points.txt
[1.351s] writing requirements to ../../build/detect_leaf_pkg/detect_leaf_pkg.egg-info/requires.txt
[1.351s] writing top-level names to ../../build/detect_leaf_pkg/detect_leaf_pkg.egg-info/top_level.txt
[1.355s] reading manifest file '../../build/detect_leaf_pkg/detect_leaf_pkg.egg-info/SOURCES.txt'
[1.356s] writing manifest file '../../build/detect_leaf_pkg/detect_leaf_pkg.egg-info/SOURCES.txt'
[1.356s] running build
[1.357s] running build_py
[1.357s] running install
[1.357s] running install_lib
[1.359s] running install_data
[1.359s] running install_egg_info
[1.361s] removing '/home/hao/Desktop/4231SuppliedCode/detect_leaf_v1/install/detect_leaf_pkg/lib/python3.10/site-packages/detect_leaf_pkg-0.0.0-py3.10.egg-info' (and everything under it)
[1.361s] Copying ../../build/detect_leaf_pkg/detect_leaf_pkg.egg-info to /home/hao/Desktop/4231SuppliedCode/detect_leaf_v1/install/detect_leaf_pkg/lib/python3.10/site-packages/detect_leaf_pkg-0.0.0-py3.10.egg-info
[1.362s] running install_scripts
[1.389s] Installing coordinate_transformer script to /home/hao/Desktop/4231SuppliedCode/detect_leaf_v1/install/detect_leaf_pkg/lib/detect_leaf_pkg
[1.389s] Installing coordinates_display script to /home/hao/Desktop/4231SuppliedCode/detect_leaf_v1/install/detect_leaf_pkg/lib/detect_leaf_pkg
[1.390s] Installing leaf_detector script to /home/hao/Desktop/4231SuppliedCode/detect_leaf_v1/install/detect_leaf_pkg/lib/detect_leaf_pkg
[1.390s] writing list of installed files to '/home/hao/Desktop/4231SuppliedCode/detect_leaf_v1/build/detect_leaf_pkg/install.log'
[1.432s] Invoked command in '/home/hao/Desktop/4231SuppliedCode/detect_leaf_v1/src/detect_leaf_pkg' returned '0': CONDA_PROMPT_MODIFIER=(base) PYTHONPATH=/home/hao/Desktop/4231SuppliedCode/detect_leaf_v1/build/detect_leaf_pkg/prefix_override:/usr/lib/python3/dist-packages/colcon_core/task/python/colcon_distutils_commands:/home/hao/Desktop/4231SuppliedCode/detect_leaf_v1/install/detect_leaf_pkg/lib/python3.10/site-packages:${PYTHONPATH} /usr/bin/python3 -W ignore:setup.py install is deprecated -W ignore:easy_install command is deprecated setup.py egg_info --egg-base ../../build/detect_leaf_pkg build --build-base /home/hao/Desktop/4231SuppliedCode/detect_leaf_v1/build/detect_leaf_pkg/build install --record /home/hao/Desktop/4231SuppliedCode/detect_leaf_v1/build/detect_leaf_pkg/install.log --single-version-externally-managed install_data
