running egg_info
creating ../../build/detect_leaf_pkg/detect_leaf_pkg.egg-info
writing ../../build/detect_leaf_pkg/detect_leaf_pkg.egg-info/PKG-INFO
writing dependency_links to ../../build/detect_leaf_pkg/detect_leaf_pkg.egg-info/dependency_links.txt
writing entry points to ../../build/detect_leaf_pkg/detect_leaf_pkg.egg-info/entry_points.txt
writing requirements to ../../build/detect_leaf_pkg/detect_leaf_pkg.egg-info/requires.txt
writing top-level names to ../../build/detect_leaf_pkg/detect_leaf_pkg.egg-info/top_level.txt
writing manifest file '../../build/detect_leaf_pkg/detect_leaf_pkg.egg-info/SOURCES.txt'
reading manifest file '../../build/detect_leaf_pkg/detect_leaf_pkg.egg-info/SOURCES.txt'
writing manifest file '../../build/detect_leaf_pkg/detect_leaf_pkg.egg-info/SOURCES.txt'
running build
running build_py
creating /home/hao/Desktop/4231SuppliedCode/detect_leaf/build/detect_leaf_pkg/build
creating /home/hao/Desktop/4231SuppliedCode/detect_leaf/build/detect_leaf_pkg/build/lib
creating /home/hao/Desktop/4231SuppliedCode/detect_leaf/build/detect_leaf_pkg/build/lib/detect_leaf_pkg
copying detect_leaf_pkg/coordinates_display.py -> /home/hao/Desktop/4231SuppliedCode/detect_leaf/build/detect_leaf_pkg/build/lib/detect_leaf_pkg
copying detect_leaf_pkg/__init__.py -> /home/hao/Desktop/4231SuppliedCode/detect_leaf/build/detect_leaf_pkg/build/lib/detect_leaf_pkg
copying detect_leaf_pkg/leaf_detector.py -> /home/hao/Desktop/4231SuppliedCode/detect_leaf/build/detect_leaf_pkg/build/lib/detect_leaf_pkg
running install
running install_lib
creating /home/hao/Desktop/4231SuppliedCode/detect_leaf/install/detect_leaf_pkg/lib/python3.10/site-packages/detect_leaf_pkg
copying /home/hao/Desktop/4231SuppliedCode/detect_leaf/build/detect_leaf_pkg/build/lib/detect_leaf_pkg/coordinates_display.py -> /home/hao/Desktop/4231SuppliedCode/detect_leaf/install/detect_leaf_pkg/lib/python3.10/site-packages/detect_leaf_pkg
copying /home/hao/Desktop/4231SuppliedCode/detect_leaf/build/detect_leaf_pkg/build/lib/detect_leaf_pkg/__init__.py -> /home/hao/Desktop/4231SuppliedCode/detect_leaf/install/detect_leaf_pkg/lib/python3.10/site-packages/detect_leaf_pkg
copying /home/hao/Desktop/4231SuppliedCode/detect_leaf/build/detect_leaf_pkg/build/lib/detect_leaf_pkg/leaf_detector.py -> /home/hao/Desktop/4231SuppliedCode/detect_leaf/install/detect_leaf_pkg/lib/python3.10/site-packages/detect_leaf_pkg
byte-compiling /home/hao/Desktop/4231SuppliedCode/detect_leaf/install/detect_leaf_pkg/lib/python3.10/site-packages/detect_leaf_pkg/coordinates_display.py to coordinates_display.cpython-310.pyc
byte-compiling /home/hao/Desktop/4231SuppliedCode/detect_leaf/install/detect_leaf_pkg/lib/python3.10/site-packages/detect_leaf_pkg/__init__.py to __init__.cpython-310.pyc
byte-compiling /home/hao/Desktop/4231SuppliedCode/detect_leaf/install/detect_leaf_pkg/lib/python3.10/site-packages/detect_leaf_pkg/leaf_detector.py to leaf_detector.cpython-310.pyc
running install_data
creating /home/hao/Desktop/4231SuppliedCode/detect_leaf/install/detect_leaf_pkg/share/ament_index
creating /home/hao/Desktop/4231SuppliedCode/detect_leaf/install/detect_leaf_pkg/share/ament_index/resource_index
creating /home/hao/Desktop/4231SuppliedCode/detect_leaf/install/detect_leaf_pkg/share/ament_index/resource_index/packages
copying resource/detect_leaf_pkg -> /home/hao/Desktop/4231SuppliedCode/detect_leaf/install/detect_leaf_pkg/share/ament_index/resource_index/packages
copying package.xml -> /home/hao/Desktop/4231SuppliedCode/detect_leaf/install/detect_leaf_pkg/share/detect_leaf_pkg
creating /home/hao/Desktop/4231SuppliedCode/detect_leaf/install/detect_leaf_pkg/share/detect_leaf_pkg/launch
copying launch/leaf_detector.launch.py -> /home/hao/Desktop/4231SuppliedCode/detect_leaf/install/detect_leaf_pkg/share/detect_leaf_pkg/launch
running install_egg_info
Copying ../../build/detect_leaf_pkg/detect_leaf_pkg.egg-info to /home/hao/Desktop/4231SuppliedCode/detect_leaf/install/detect_leaf_pkg/lib/python3.10/site-packages/detect_leaf_pkg-0.0.0-py3.10.egg-info
running install_scripts
Installing coordinates_display script to /home/hao/Desktop/4231SuppliedCode/detect_leaf/install/detect_leaf_pkg/lib/detect_leaf_pkg
Installing leaf_detector script to /home/hao/Desktop/4231SuppliedCode/detect_leaf/install/detect_leaf_pkg/lib/detect_leaf_pkg
writing list of installed files to '/home/hao/Desktop/4231SuppliedCode/detect_leaf/build/detect_leaf_pkg/install.log'
