[0.149s] DEBUG:colcon:Command line arguments: ['/usr/bin/colcon', 'build', '--packages-select', 'detect_leaf_pkg']
[0.149s] DEBUG:colcon:Parsed command line arguments: Namespace(log_base=None, log_level=None, verb_name='build', build_base='build', install_base='install', merge_install=False, symlink_install=False, test_result_base=None, continue_on_error=False, executor='parallel', parallel_workers=8, event_handlers=None, ignore_user_meta=False, metas=['./colcon.meta'], base_paths=['.'], packages_ignore=None, packages_ignore_regex=None, paths=None, packages_up_to=None, packages_up_to_regex=None, packages_above=None, packages_above_and_dependencies=None, packages_above_depth=None, packages_select_by_dep=None, packages_skip_by_dep=None, packages_skip_up_to=None, packages_select_build_failed=False, packages_skip_build_finished=False, packages_select_test_failures=False, packages_skip_test_passed=False, packages_select=['detect_leaf_pkg'], packages_skip=None, packages_select_regex=None, packages_skip_regex=None, packages_start=None, packages_end=None, allow_overriding=[], cmake_args=None, cmake_target=None, cmake_target_skip_unavailable=False, cmake_clean_cache=False, cmake_clean_first=False, cmake_force_configure=False, ament_cmake_args=None, catkin_cmake_args=None, catkin_skip_building_tests=False, verb_parser=<colcon_defaults.argument_parser.defaults.DefaultArgumentsDecorator object at 0x77ad2923d450>, verb_extension=<colcon_core.verb.build.BuildVerb object at 0x77ad2923ce50>, main=<bound method BuildVerb.main of <colcon_core.verb.build.BuildVerb object at 0x77ad2923ce50>>)
[0.378s] Level 1:colcon.colcon_core.package_discovery:discover_packages(colcon_meta) check parameters
[0.378s] Level 1:colcon.colcon_core.package_discovery:discover_packages(recursive) check parameters
[0.378s] Level 1:colcon.colcon_core.package_discovery:discover_packages(ignore) check parameters
[0.378s] Level 1:colcon.colcon_core.package_discovery:discover_packages(path) check parameters
[0.378s] Level 1:colcon.colcon_core.package_discovery:discover_packages(colcon_meta) discover
[0.379s] Level 1:colcon.colcon_core.package_discovery:discover_packages(recursive) discover
[0.379s] INFO:colcon.colcon_core.package_discovery:Crawling recursively for packages in '/home/hao/Desktop/4231SuppliedCode/detect_leaf_v1'
[0.379s] Level 1:colcon.colcon_core.package_identification:_identify(.) by extensions ['ignore', 'ignore_ament_install']
[0.379s] Level 1:colcon.colcon_core.package_identification:_identify(.) by extension 'ignore'
[0.379s] Level 1:colcon.colcon_core.package_identification:_identify(.) by extension 'ignore_ament_install'
[0.380s] Level 1:colcon.colcon_core.package_identification:_identify(.) by extensions ['colcon_pkg']
[0.380s] Level 1:colcon.colcon_core.package_identification:_identify(.) by extension 'colcon_pkg'
[0.380s] Level 1:colcon.colcon_core.package_identification:_identify(.) by extensions ['colcon_meta']
[0.380s] Level 1:colcon.colcon_core.package_identification:_identify(.) by extension 'colcon_meta'
[0.380s] Level 1:colcon.colcon_core.package_identification:_identify(.) by extensions ['ros']
[0.380s] Level 1:colcon.colcon_core.package_identification:_identify(.) by extension 'ros'
[0.392s] Level 1:colcon.colcon_core.package_identification:_identify(.) by extensions ['cmake', 'python']
[0.392s] Level 1:colcon.colcon_core.package_identification:_identify(.) by extension 'cmake'
[0.392s] Level 1:colcon.colcon_core.package_identification:_identify(.) by extension 'python'
[0.392s] Level 1:colcon.colcon_core.package_identification:_identify(.) by extensions ['python_setup_py']
[0.392s] Level 1:colcon.colcon_core.package_identification:_identify(.) by extension 'python_setup_py'
[0.393s] Level 1:colcon.colcon_core.package_identification:_identify(4231_scripts) by extensions ['ignore', 'ignore_ament_install']
[0.393s] Level 1:colcon.colcon_core.package_identification:_identify(4231_scripts) by extension 'ignore'
[0.393s] Level 1:colcon.colcon_core.package_identification:_identify(4231_scripts) by extension 'ignore_ament_install'
[0.393s] Level 1:colcon.colcon_core.package_identification:_identify(4231_scripts) by extensions ['colcon_pkg']
[0.393s] Level 1:colcon.colcon_core.package_identification:_identify(4231_scripts) by extension 'colcon_pkg'
[0.393s] Level 1:colcon.colcon_core.package_identification:_identify(4231_scripts) by extensions ['colcon_meta']
[0.393s] Level 1:colcon.colcon_core.package_identification:_identify(4231_scripts) by extension 'colcon_meta'
[0.393s] Level 1:colcon.colcon_core.package_identification:_identify(4231_scripts) by extensions ['ros']
[0.393s] Level 1:colcon.colcon_core.package_identification:_identify(4231_scripts) by extension 'ros'
[0.393s] Level 1:colcon.colcon_core.package_identification:_identify(4231_scripts) by extensions ['cmake', 'python']
[0.393s] Level 1:colcon.colcon_core.package_identification:_identify(4231_scripts) by extension 'cmake'
[0.393s] Level 1:colcon.colcon_core.package_identification:_identify(4231_scripts) by extension 'python'
[0.393s] Level 1:colcon.colcon_core.package_identification:_identify(4231_scripts) by extensions ['python_setup_py']
[0.393s] Level 1:colcon.colcon_core.package_identification:_identify(4231_scripts) by extension 'python_setup_py'
[0.393s] Level 1:colcon.colcon_core.package_identification:_identify(build) by extensions ['ignore', 'ignore_ament_install']
[0.393s] Level 1:colcon.colcon_core.package_identification:_identify(build) by extension 'ignore'
[0.393s] Level 1:colcon.colcon_core.package_identification:_identify(build) ignored
[0.394s] Level 1:colcon.colcon_core.package_identification:_identify(config) by extensions ['ignore', 'ignore_ament_install']
[0.394s] Level 1:colcon.colcon_core.package_identification:_identify(config) by extension 'ignore'
[0.394s] Level 1:colcon.colcon_core.package_identification:_identify(config) by extension 'ignore_ament_install'
[0.394s] Level 1:colcon.colcon_core.package_identification:_identify(config) by extensions ['colcon_pkg']
[0.394s] Level 1:colcon.colcon_core.package_identification:_identify(config) by extension 'colcon_pkg'
[0.394s] Level 1:colcon.colcon_core.package_identification:_identify(config) by extensions ['colcon_meta']
[0.394s] Level 1:colcon.colcon_core.package_identification:_identify(config) by extension 'colcon_meta'
[0.394s] Level 1:colcon.colcon_core.package_identification:_identify(config) by extensions ['ros']
[0.394s] Level 1:colcon.colcon_core.package_identification:_identify(config) by extension 'ros'
[0.394s] Level 1:colcon.colcon_core.package_identification:_identify(config) by extensions ['cmake', 'python']
[0.394s] Level 1:colcon.colcon_core.package_identification:_identify(config) by extension 'cmake'
[0.394s] Level 1:colcon.colcon_core.package_identification:_identify(config) by extension 'python'
[0.394s] Level 1:colcon.colcon_core.package_identification:_identify(config) by extensions ['python_setup_py']
[0.394s] Level 1:colcon.colcon_core.package_identification:_identify(config) by extension 'python_setup_py'
[0.395s] Level 1:colcon.colcon_core.package_identification:_identify(install) by extensions ['ignore', 'ignore_ament_install']
[0.395s] Level 1:colcon.colcon_core.package_identification:_identify(install) by extension 'ignore'
[0.395s] Level 1:colcon.colcon_core.package_identification:_identify(install) ignored
[0.395s] Level 1:colcon.colcon_core.package_identification:_identify(leaf_detection_results) by extensions ['ignore', 'ignore_ament_install']
[0.395s] Level 1:colcon.colcon_core.package_identification:_identify(leaf_detection_results) by extension 'ignore'
[0.395s] Level 1:colcon.colcon_core.package_identification:_identify(leaf_detection_results) by extension 'ignore_ament_install'
[0.395s] Level 1:colcon.colcon_core.package_identification:_identify(leaf_detection_results) by extensions ['colcon_pkg']
[0.395s] Level 1:colcon.colcon_core.package_identification:_identify(leaf_detection_results) by extension 'colcon_pkg'
[0.395s] Level 1:colcon.colcon_core.package_identification:_identify(leaf_detection_results) by extensions ['colcon_meta']
[0.395s] Level 1:colcon.colcon_core.package_identification:_identify(leaf_detection_results) by extension 'colcon_meta'
[0.396s] Level 1:colcon.colcon_core.package_identification:_identify(leaf_detection_results) by extensions ['ros']
[0.396s] Level 1:colcon.colcon_core.package_identification:_identify(leaf_detection_results) by extension 'ros'
[0.396s] Level 1:colcon.colcon_core.package_identification:_identify(leaf_detection_results) by extensions ['cmake', 'python']
[0.396s] Level 1:colcon.colcon_core.package_identification:_identify(leaf_detection_results) by extension 'cmake'
[0.396s] Level 1:colcon.colcon_core.package_identification:_identify(leaf_detection_results) by extension 'python'
[0.396s] Level 1:colcon.colcon_core.package_identification:_identify(leaf_detection_results) by extensions ['python_setup_py']
[0.396s] Level 1:colcon.colcon_core.package_identification:_identify(leaf_detection_results) by extension 'python_setup_py'
[0.396s] Level 1:colcon.colcon_core.package_identification:_identify(log) by extensions ['ignore', 'ignore_ament_install']
[0.396s] Level 1:colcon.colcon_core.package_identification:_identify(log) by extension 'ignore'
[0.396s] Level 1:colcon.colcon_core.package_identification:_identify(log) ignored
[0.396s] Level 1:colcon.colcon_core.package_identification:_identify(src) by extensions ['ignore', 'ignore_ament_install']
[0.397s] Level 1:colcon.colcon_core.package_identification:_identify(src) by extension 'ignore'
[0.397s] Level 1:colcon.colcon_core.package_identification:_identify(src) by extension 'ignore_ament_install'
[0.397s] Level 1:colcon.colcon_core.package_identification:_identify(src) by extensions ['colcon_pkg']
[0.397s] Level 1:colcon.colcon_core.package_identification:_identify(src) by extension 'colcon_pkg'
[0.397s] Level 1:colcon.colcon_core.package_identification:_identify(src) by extensions ['colcon_meta']
[0.397s] Level 1:colcon.colcon_core.package_identification:_identify(src) by extension 'colcon_meta'
[0.397s] Level 1:colcon.colcon_core.package_identification:_identify(src) by extensions ['ros']
[0.397s] Level 1:colcon.colcon_core.package_identification:_identify(src) by extension 'ros'
[0.397s] Level 1:colcon.colcon_core.package_identification:_identify(src) by extensions ['cmake', 'python']
[0.397s] Level 1:colcon.colcon_core.package_identification:_identify(src) by extension 'cmake'
[0.397s] Level 1:colcon.colcon_core.package_identification:_identify(src) by extension 'python'
[0.397s] Level 1:colcon.colcon_core.package_identification:_identify(src) by extensions ['python_setup_py']
[0.397s] Level 1:colcon.colcon_core.package_identification:_identify(src) by extension 'python_setup_py'
[0.397s] Level 1:colcon.colcon_core.package_identification:_identify(src/detect_leaf_pkg) by extensions ['ignore', 'ignore_ament_install']
[0.398s] Level 1:colcon.colcon_core.package_identification:_identify(src/detect_leaf_pkg) by extension 'ignore'
[0.398s] Level 1:colcon.colcon_core.package_identification:_identify(src/detect_leaf_pkg) by extension 'ignore_ament_install'
[0.398s] Level 1:colcon.colcon_core.package_identification:_identify(src/detect_leaf_pkg) by extensions ['colcon_pkg']
[0.398s] Level 1:colcon.colcon_core.package_identification:_identify(src/detect_leaf_pkg) by extension 'colcon_pkg'
[0.398s] Level 1:colcon.colcon_core.package_identification:_identify(src/detect_leaf_pkg) by extensions ['colcon_meta']
[0.398s] Level 1:colcon.colcon_core.package_identification:_identify(src/detect_leaf_pkg) by extension 'colcon_meta'
[0.398s] Level 1:colcon.colcon_core.package_identification:_identify(src/detect_leaf_pkg) by extensions ['ros']
[0.398s] Level 1:colcon.colcon_core.package_identification:_identify(src/detect_leaf_pkg) by extension 'ros'
[0.402s] DEBUG:colcon.colcon_core.package_identification:Package 'src/detect_leaf_pkg' with type 'ros.ament_python' and name 'detect_leaf_pkg'
[0.402s] Level 1:colcon.colcon_core.package_discovery:discover_packages(recursive) using defaults
[0.402s] Level 1:colcon.colcon_core.package_discovery:discover_packages(ignore) discover
[0.402s] Level 1:colcon.colcon_core.package_discovery:discover_packages(ignore) using defaults
[0.402s] Level 1:colcon.colcon_core.package_discovery:discover_packages(path) discover
[0.402s] Level 1:colcon.colcon_core.package_discovery:discover_packages(path) using defaults
[0.441s] Level 1:colcon.colcon_core.package_discovery:discover_packages(prefix_path) check parameters
[0.441s] Level 1:colcon.colcon_core.package_discovery:discover_packages(prefix_path) discover
[0.444s] DEBUG:colcon.colcon_installed_package_information.package_discovery:Found 337 installed packages in /opt/ros/humble
[0.447s] Level 1:colcon.colcon_core.package_discovery:discover_packages(prefix_path) using defaults
[0.503s] Level 5:colcon.colcon_core.verb:set package 'detect_leaf_pkg' build argument 'cmake_args' from command line to 'None'
[0.503s] Level 5:colcon.colcon_core.verb:set package 'detect_leaf_pkg' build argument 'cmake_target' from command line to 'None'
[0.503s] Level 5:colcon.colcon_core.verb:set package 'detect_leaf_pkg' build argument 'cmake_target_skip_unavailable' from command line to 'False'
[0.503s] Level 5:colcon.colcon_core.verb:set package 'detect_leaf_pkg' build argument 'cmake_clean_cache' from command line to 'False'
[0.503s] Level 5:colcon.colcon_core.verb:set package 'detect_leaf_pkg' build argument 'cmake_clean_first' from command line to 'False'
[0.503s] Level 5:colcon.colcon_core.verb:set package 'detect_leaf_pkg' build argument 'cmake_force_configure' from command line to 'False'
[0.503s] Level 5:colcon.colcon_core.verb:set package 'detect_leaf_pkg' build argument 'ament_cmake_args' from command line to 'None'
[0.503s] Level 5:colcon.colcon_core.verb:set package 'detect_leaf_pkg' build argument 'catkin_cmake_args' from command line to 'None'
[0.503s] Level 5:colcon.colcon_core.verb:set package 'detect_leaf_pkg' build argument 'catkin_skip_building_tests' from command line to 'False'
[0.503s] DEBUG:colcon.colcon_core.verb:Building package 'detect_leaf_pkg' with the following arguments: {'ament_cmake_args': None, 'build_base': '/home/hao/Desktop/4231SuppliedCode/detect_leaf_v1/build/detect_leaf_pkg', 'catkin_cmake_args': None, 'catkin_skip_building_tests': False, 'cmake_args': None, 'cmake_clean_cache': False, 'cmake_clean_first': False, 'cmake_force_configure': False, 'cmake_target': None, 'cmake_target_skip_unavailable': False, 'install_base': '/home/hao/Desktop/4231SuppliedCode/detect_leaf_v1/install/detect_leaf_pkg', 'merge_install': False, 'path': '/home/hao/Desktop/4231SuppliedCode/detect_leaf_v1/src/detect_leaf_pkg', 'symlink_install': False, 'test_result_base': None}
[0.503s] INFO:colcon.colcon_core.executor:Executing jobs using 'parallel' executor
[0.504s] DEBUG:colcon.colcon_parallel_executor.executor.parallel:run_until_complete
[0.505s] INFO:colcon.colcon_ros.task.ament_python.build:Building ROS package in '/home/hao/Desktop/4231SuppliedCode/detect_leaf_v1/src/detect_leaf_pkg' with build type 'ament_python'
[0.505s] Level 1:colcon.colcon_core.shell:create_environment_hook('detect_leaf_pkg', 'ament_prefix_path')
[0.507s] INFO:colcon.colcon_core.plugin_system:Skipping extension 'colcon_core.shell.bat': Not used on non-Windows systems
[0.507s] INFO:colcon.colcon_core.shell:Creating environment hook '/home/hao/Desktop/4231SuppliedCode/detect_leaf_v1/install/detect_leaf_pkg/share/detect_leaf_pkg/hook/ament_prefix_path.ps1'
[0.508s] INFO:colcon.colcon_core.shell:Creating environment descriptor '/home/hao/Desktop/4231SuppliedCode/detect_leaf_v1/install/detect_leaf_pkg/share/detect_leaf_pkg/hook/ament_prefix_path.dsv'
[0.508s] INFO:colcon.colcon_core.shell:Creating environment hook '/home/hao/Desktop/4231SuppliedCode/detect_leaf_v1/install/detect_leaf_pkg/share/detect_leaf_pkg/hook/ament_prefix_path.sh'
[0.509s] INFO:colcon.colcon_core.shell:Skip shell extension 'powershell' for command environment: Not usable outside of PowerShell
[0.509s] DEBUG:colcon.colcon_core.shell:Skip shell extension 'dsv' for command environment
[0.879s] INFO:colcon.colcon_core.task.python.build:Building Python package in '/home/hao/Desktop/4231SuppliedCode/detect_leaf_v1/src/detect_leaf_pkg'
[0.880s] INFO:colcon.colcon_core.shell:Skip shell extension 'powershell' for command environment: Not usable outside of PowerShell
[0.880s] DEBUG:colcon.colcon_core.shell:Skip shell extension 'dsv' for command environment
[1.382s] DEBUG:colcon.colcon_core.event_handler.log_command:Invoking command in '/home/hao/Desktop/4231SuppliedCode/detect_leaf_v1/src/detect_leaf_pkg': CONDA_PROMPT_MODIFIER=(base) PYTHONPATH=/home/hao/Desktop/4231SuppliedCode/detect_leaf_v1/build/detect_leaf_pkg/prefix_override:/usr/lib/python3/dist-packages/colcon_core/task/python/colcon_distutils_commands:/home/hao/Desktop/4231SuppliedCode/detect_leaf_v1/install/detect_leaf_pkg/lib/python3.10/site-packages:${PYTHONPATH} /usr/bin/python3 -W ignore:setup.py install is deprecated -W ignore:easy_install command is deprecated setup.py egg_info --egg-base ../../build/detect_leaf_pkg build --build-base /home/hao/Desktop/4231SuppliedCode/detect_leaf_v1/build/detect_leaf_pkg/build install --record /home/hao/Desktop/4231SuppliedCode/detect_leaf_v1/build/detect_leaf_pkg/install.log --single-version-externally-managed install_data
[1.818s] DEBUG:colcon.colcon_core.event_handler.log_command:Invoked command in '/home/hao/Desktop/4231SuppliedCode/detect_leaf_v1/src/detect_leaf_pkg' returned '0': CONDA_PROMPT_MODIFIER=(base) PYTHONPATH=/home/hao/Desktop/4231SuppliedCode/detect_leaf_v1/build/detect_leaf_pkg/prefix_override:/usr/lib/python3/dist-packages/colcon_core/task/python/colcon_distutils_commands:/home/hao/Desktop/4231SuppliedCode/detect_leaf_v1/install/detect_leaf_pkg/lib/python3.10/site-packages:${PYTHONPATH} /usr/bin/python3 -W ignore:setup.py install is deprecated -W ignore:easy_install command is deprecated setup.py egg_info --egg-base ../../build/detect_leaf_pkg build --build-base /home/hao/Desktop/4231SuppliedCode/detect_leaf_v1/build/detect_leaf_pkg/build install --record /home/hao/Desktop/4231SuppliedCode/detect_leaf_v1/build/detect_leaf_pkg/install.log --single-version-externally-managed install_data
[1.827s] Level 1:colcon.colcon_core.environment:checking '/home/hao/Desktop/4231SuppliedCode/detect_leaf_v1/install/detect_leaf_pkg' for CMake module files
[1.828s] Level 1:colcon.colcon_core.environment:checking '/home/hao/Desktop/4231SuppliedCode/detect_leaf_v1/install/detect_leaf_pkg' for CMake config files
[1.831s] Level 1:colcon.colcon_core.environment:checking '/home/hao/Desktop/4231SuppliedCode/detect_leaf_v1/install/detect_leaf_pkg/lib'
[1.832s] Level 1:colcon.colcon_core.environment:checking '/home/hao/Desktop/4231SuppliedCode/detect_leaf_v1/install/detect_leaf_pkg/bin'
[1.832s] Level 1:colcon.colcon_core.environment:checking '/home/hao/Desktop/4231SuppliedCode/detect_leaf_v1/install/detect_leaf_pkg/lib/pkgconfig/detect_leaf_pkg.pc'
[1.833s] Level 1:colcon.colcon_core.environment:checking '/home/hao/Desktop/4231SuppliedCode/detect_leaf_v1/install/detect_leaf_pkg/lib/python3.10/site-packages'
[1.834s] Level 1:colcon.colcon_core.shell:create_environment_hook('detect_leaf_pkg', 'pythonpath')
[1.835s] INFO:colcon.colcon_core.shell:Creating environment hook '/home/hao/Desktop/4231SuppliedCode/detect_leaf_v1/install/detect_leaf_pkg/share/detect_leaf_pkg/hook/pythonpath.ps1'
[1.836s] INFO:colcon.colcon_core.shell:Creating environment descriptor '/home/hao/Desktop/4231SuppliedCode/detect_leaf_v1/install/detect_leaf_pkg/share/detect_leaf_pkg/hook/pythonpath.dsv'
[1.838s] INFO:colcon.colcon_core.shell:Creating environment hook '/home/hao/Desktop/4231SuppliedCode/detect_leaf_v1/install/detect_leaf_pkg/share/detect_leaf_pkg/hook/pythonpath.sh'
[1.840s] Level 1:colcon.colcon_core.environment:checking '/home/hao/Desktop/4231SuppliedCode/detect_leaf_v1/install/detect_leaf_pkg/bin'
[1.841s] Level 1:colcon.colcon_core.environment:create_environment_scripts_only(detect_leaf_pkg)
[1.842s] INFO:colcon.colcon_core.shell:Creating package script '/home/hao/Desktop/4231SuppliedCode/detect_leaf_v1/install/detect_leaf_pkg/share/detect_leaf_pkg/package.ps1'
[1.845s] INFO:colcon.colcon_core.shell:Creating package descriptor '/home/hao/Desktop/4231SuppliedCode/detect_leaf_v1/install/detect_leaf_pkg/share/detect_leaf_pkg/package.dsv'
[1.847s] INFO:colcon.colcon_core.shell:Creating package script '/home/hao/Desktop/4231SuppliedCode/detect_leaf_v1/install/detect_leaf_pkg/share/detect_leaf_pkg/package.sh'
[1.850s] INFO:colcon.colcon_core.shell:Creating package script '/home/hao/Desktop/4231SuppliedCode/detect_leaf_v1/install/detect_leaf_pkg/share/detect_leaf_pkg/package.bash'
[1.852s] INFO:colcon.colcon_core.shell:Creating package script '/home/hao/Desktop/4231SuppliedCode/detect_leaf_v1/install/detect_leaf_pkg/share/detect_leaf_pkg/package.zsh'
[1.854s] Level 1:colcon.colcon_core.environment:create_file_with_runtime_dependencies(/home/hao/Desktop/4231SuppliedCode/detect_leaf_v1/install/detect_leaf_pkg/share/colcon-core/packages/detect_leaf_pkg)
[1.855s] DEBUG:colcon.colcon_parallel_executor.executor.parallel:closing loop
[1.856s] DEBUG:colcon.colcon_parallel_executor.executor.parallel:loop closed
[1.856s] DEBUG:colcon.colcon_parallel_executor.executor.parallel:run_until_complete finished with '0'
[1.856s] DEBUG:colcon.colcon_core.event_reactor:joining thread
[1.870s] INFO:colcon.colcon_core.plugin_system:Skipping extension 'colcon_notification.desktop_notification.terminal_notifier': Not used on non-Darwin systems
[1.870s] INFO:colcon.colcon_core.plugin_system:Skipping extension 'colcon_notification.desktop_notification.win32': Not used on non-Windows systems
[1.870s] INFO:colcon.colcon_notification.desktop_notification:Sending desktop notification using 'notify2'
[1.906s] DEBUG:colcon.colcon_core.event_reactor:joined thread
[1.907s] INFO:colcon.colcon_core.shell:Creating prefix script '/home/hao/Desktop/4231SuppliedCode/detect_leaf_v1/install/local_setup.ps1'
[1.909s] INFO:colcon.colcon_core.shell:Creating prefix util module '/home/hao/Desktop/4231SuppliedCode/detect_leaf_v1/install/_local_setup_util_ps1.py'
[1.921s] INFO:colcon.colcon_core.shell:Creating prefix chain script '/home/hao/Desktop/4231SuppliedCode/detect_leaf_v1/install/setup.ps1'
[1.924s] INFO:colcon.colcon_core.shell:Creating prefix script '/home/hao/Desktop/4231SuppliedCode/detect_leaf_v1/install/local_setup.sh'
[1.931s] INFO:colcon.colcon_core.shell:Creating prefix util module '/home/hao/Desktop/4231SuppliedCode/detect_leaf_v1/install/_local_setup_util_sh.py'
[1.933s] INFO:colcon.colcon_core.shell:Creating prefix chain script '/home/hao/Desktop/4231SuppliedCode/detect_leaf_v1/install/setup.sh'
[1.936s] INFO:colcon.colcon_core.shell:Creating prefix script '/home/hao/Desktop/4231SuppliedCode/detect_leaf_v1/install/local_setup.bash'
[1.938s] INFO:colcon.colcon_core.shell:Creating prefix chain script '/home/hao/Desktop/4231SuppliedCode/detect_leaf_v1/install/setup.bash'
[1.941s] INFO:colcon.colcon_core.shell:Creating prefix script '/home/hao/Desktop/4231SuppliedCode/detect_leaf_v1/install/local_setup.zsh'
[1.944s] INFO:colcon.colcon_core.shell:Creating prefix chain script '/home/hao/Desktop/4231SuppliedCode/detect_leaf_v1/install/setup.zsh'
