running egg_info
writing ../../build/detect_leaf_pkg/detect_leaf_pkg.egg-info/PKG-INFO
writing dependency_links to ../../build/detect_leaf_pkg/detect_leaf_pkg.egg-info/dependency_links.txt
writing entry points to ../../build/detect_leaf_pkg/detect_leaf_pkg.egg-info/entry_points.txt
writing requirements to ../../build/detect_leaf_pkg/detect_leaf_pkg.egg-info/requires.txt
writing top-level names to ../../build/detect_leaf_pkg/detect_leaf_pkg.egg-info/top_level.txt
reading manifest file '../../build/detect_leaf_pkg/detect_leaf_pkg.egg-info/SOURCES.txt'
writing manifest file '../../build/detect_leaf_pkg/detect_leaf_pkg.egg-info/SOURCES.txt'
running build
running build_py
copying detect_leaf_pkg/coordinate_transformer.py -> /home/hao/Desktop/4231SuppliedCode/detect_leaf_v1/build/detect_leaf_pkg/build/lib/detect_leaf_pkg
copying detect_leaf_pkg/coordinates_display.py -> /home/hao/Desktop/4231SuppliedCode/detect_leaf_v1/build/detect_leaf_pkg/build/lib/detect_leaf_pkg
copying detect_leaf_pkg/leaf_detector.py -> /home/hao/Desktop/4231SuppliedCode/detect_leaf_v1/build/detect_leaf_pkg/build/lib/detect_leaf_pkg
running install
running install_lib
copying /home/hao/Desktop/4231SuppliedCode/detect_leaf_v1/build/detect_leaf_pkg/build/lib/detect_leaf_pkg/coordinate_transformer.py -> /home/hao/Desktop/4231SuppliedCode/detect_leaf_v1/install/detect_leaf_pkg/lib/python3.10/site-packages/detect_leaf_pkg
copying /home/hao/Desktop/4231SuppliedCode/detect_leaf_v1/build/detect_leaf_pkg/build/lib/detect_leaf_pkg/coordinates_display.py -> /home/hao/Desktop/4231SuppliedCode/detect_leaf_v1/install/detect_leaf_pkg/lib/python3.10/site-packages/detect_leaf_pkg
copying /home/hao/Desktop/4231SuppliedCode/detect_leaf_v1/build/detect_leaf_pkg/build/lib/detect_leaf_pkg/leaf_detector.py -> /home/hao/Desktop/4231SuppliedCode/detect_leaf_v1/install/detect_leaf_pkg/lib/python3.10/site-packages/detect_leaf_pkg
byte-compiling /home/hao/Desktop/4231SuppliedCode/detect_leaf_v1/install/detect_leaf_pkg/lib/python3.10/site-packages/detect_leaf_pkg/coordinate_transformer.py to coordinate_transformer.cpython-310.pyc
byte-compiling /home/hao/Desktop/4231SuppliedCode/detect_leaf_v1/install/detect_leaf_pkg/lib/python3.10/site-packages/detect_leaf_pkg/coordinates_display.py to coordinates_display.cpython-310.pyc
byte-compiling /home/hao/Desktop/4231SuppliedCode/detect_leaf_v1/install/detect_leaf_pkg/lib/python3.10/site-packages/detect_leaf_pkg/leaf_detector.py to leaf_detector.cpython-310.pyc
running install_data
running install_egg_info
removing '/home/hao/Desktop/4231SuppliedCode/detect_leaf_v1/install/detect_leaf_pkg/lib/python3.10/site-packages/detect_leaf_pkg-0.0.0-py3.10.egg-info' (and everything under it)
Copying ../../build/detect_leaf_pkg/detect_leaf_pkg.egg-info to /home/hao/Desktop/4231SuppliedCode/detect_leaf_v1/install/detect_leaf_pkg/lib/python3.10/site-packages/detect_leaf_pkg-0.0.0-py3.10.egg-info
running install_scripts
Installing coordinate_transformer script to /home/hao/Desktop/4231SuppliedCode/detect_leaf_v1/install/detect_leaf_pkg/lib/detect_leaf_pkg
Installing coordinates_display script to /home/hao/Desktop/4231SuppliedCode/detect_leaf_v1/install/detect_leaf_pkg/lib/detect_leaf_pkg
Installing leaf_detector script to /home/hao/Desktop/4231SuppliedCode/detect_leaf_v1/install/detect_leaf_pkg/lib/detect_leaf_pkg
writing list of installed files to '/home/hao/Desktop/4231SuppliedCode/detect_leaf_v1/build/detect_leaf_pkg/install.log'
